<?xml version="1.0" encoding="UTF-8"?>
<testsuite xmlns:xsi="http://www.w3.org/2001/XMLSchema-instance" xsi:noNamespaceSchemaLocation="https://maven.apache.org/surefire/maven-surefire-plugin/xsd/surefire-test-report-3.0.xsd" version="3.0" name="pl.polsl.tests.StringEvaluatorTests" time="0.001" tests="5" errors="0" skipped="0" failures="0">
  <properties>
[...]
</properties>
  <testcase name="testParser{String, double}[1]" classname="pl.polsl.tests.StringEvaluatorTests" time="0"/>
  <testcase name="testParser{String, double}[2]" classname="pl.polsl.tests.StringEvaluatorTests" time="0"/>
  <testcase name="testParser{String, double}[3]" classname="pl.polsl.tests.StringEvaluatorTests" time="0"/>
  <testcase name="testParser{String, double}[4]" classname="pl.polsl.tests.StringEvaluatorTests" time="0.001"/>
  <testcase name="testParser{String, double}[5]" classname="pl.polsl.tests.StringEvaluatorTests" time="0"/>
</testsuite>